<?xml version="1.0" encoding="UTF-8"?>
<testng-results ignored="0" total="2" passed="2" failed="0" skipped="0">
  <reporter-output>
  </reporter-output>
  <suite started-at="2023-07-15T11:28:03 IST" name="OpencartSuite" finished-at="2023-07-15T11:28:12 IST" duration-ms="9750">
    <groups>
      <group name="Master">
        <method signature="TC_001_AccountRegistrationTest.test_Account_Registration()[pri:0, instance:testCases.TC_001_AccountRegistrationTest@c8c12ac]" name="test_Account_Registration" class="testCases.TC_001_AccountRegistrationTest"/>
        <method signature="TC_002_LoginTest.testlogin()[pri:0, instance:testCases.TC_002_LoginTest@1b7cc17c]" name="testlogin" class="testCases.TC_002_LoginTest"/>
      </group> <!-- Master -->
      <group name="Sanity">
        <method signature="TC_002_LoginTest.testlogin()[pri:0, instance:testCases.TC_002_LoginTest@1b7cc17c]" name="testlogin" class="testCases.TC_002_LoginTest"/>
      </group> <!-- Sanity -->
      <group name="Regression">
        <method signature="TC_001_AccountRegistrationTest.test_Account_Registration()[pri:0, instance:testCases.TC_001_AccountRegistrationTest@c8c12ac]" name="test_Account_Registration" class="testCases.TC_001_AccountRegistrationTest"/>
      </group> <!-- Regression -->
    </groups>
    <test started-at="2023-07-15T11:28:03 IST" name="OpencartTest" finished-at="2023-07-15T11:28:12 IST" duration-ms="9750">
      <class name="testCases.TC_001_AccountRegistrationTest">
        <test-method is-config="true" signature="setup(java.lang.String)[pri:0, instance:testCases.TC_001_AccountRegistrationTest@c8c12ac]" started-at="2023-07-15T11:28:03 IST" name="setup" finished-at="2023-07-15T11:28:06 IST" duration-ms="2775" status="PASS">
          <params>
            <param index="0">
              <value>
                <![CDATA[chrome]]>
              </value>
            </param>
          </params>
          <reporter-output>
          </reporter-output>
        </test-method> <!-- setup -->
        <test-method signature="test_Account_Registration()[pri:0, instance:testCases.TC_001_AccountRegistrationTest@c8c12ac]" started-at="2023-07-15T11:28:06 IST" name="test_Account_Registration" finished-at="2023-07-15T11:28:09 IST" duration-ms="3698" status="PASS">
          <reporter-output>
          </reporter-output>
        </test-method> <!-- test_Account_Registration -->
        <test-method is-config="true" signature="tearDown()[pri:0, instance:testCases.TC_001_AccountRegistrationTest@c8c12ac]" started-at="2023-07-15T11:28:09 IST" name="tearDown" finished-at="2023-07-15T11:28:10 IST" duration-ms="202" status="PASS">
          <reporter-output>
          </reporter-output>
        </test-method> <!-- tearDown -->
      </class> <!-- testCases.TC_001_AccountRegistrationTest -->
      <class name="testCases.TC_002_LoginTest">
        <test-method is-config="true" signature="setup(java.lang.String)[pri:0, instance:testCases.TC_002_LoginTest@1b7cc17c]" started-at="2023-07-15T11:28:10 IST" name="setup" finished-at="2023-07-15T11:28:11 IST" duration-ms="1465" status="PASS">
          <params>
            <param index="0">
              <value>
                <![CDATA[chrome]]>
              </value>
            </param>
          </params>
          <reporter-output>
          </reporter-output>
        </test-method> <!-- setup -->
        <test-method signature="testlogin()[pri:0, instance:testCases.TC_002_LoginTest@1b7cc17c]" started-at="2023-07-15T11:28:11 IST" name="testlogin" finished-at="2023-07-15T11:28:12 IST" duration-ms="1196" status="PASS">
          <reporter-output>
          </reporter-output>
        </test-method> <!-- testlogin -->
        <test-method is-config="true" signature="tearDown()[pri:0, instance:testCases.TC_002_LoginTest@1b7cc17c]" started-at="2023-07-15T11:28:12 IST" name="tearDown" finished-at="2023-07-15T11:28:12 IST" duration-ms="187" status="PASS">
          <reporter-output>
          </reporter-output>
        </test-method> <!-- tearDown -->
      </class> <!-- testCases.TC_002_LoginTest -->
    </test> <!-- OpencartTest -->
  </suite> <!-- OpencartSuite -->
</testng-results>
